# JRE version: Java(TM) SE Runtime Environment (8.0_211-b12) (build 1.8.0_211-b12)
# Java VM: Java HotSpot(TM) 64-Bit Server VM (25.211-b12 mixed mode windows-amd64 compressed oops)
Heap:
 PSYoungGen      total 116736K, used 44098K [0x00000000f5580000, 0x0000000100000000, 0x0000000100000000)
  eden space 58880K, 0% used [0x00000000f5580000,0x00000000f5580000,0x00000000f8f00000)
  from space 57856K, 76% used [0x00000000fc780000,0x00000000ff290b48,0x0000000100000000)
  to   space 57856K, 0% used [0x00000000f8f00000,0x00000000f8f00000,0x00000000fc780000)
 ParOldGen       total 349696K, used 345729K [0x00000000e0000000, 0x00000000f5580000, 0x00000000f5580000)
  object space 349696K, 98% used [0x00000000e0000000,0x00000000f51a0700,0x00000000f5580000)
 Metaspace       used 131286K, capacity 143468K, committed 143744K, reserved 1173504K
  class space    used 16826K, capacity 19803K, committed 19840K, reserved 1048576K
GC Heap History (10 events):
Event: 12317.862 GC heap after
Heap after GC invocations=182 (full 9):
 PSYoungGen      total 116736K, used 56535K [0x00000000f5580000, 0x0000000100000000, 0x0000000100000000)
  eden space 58880K, 0% used [0x00000000f5580000,0x00000000f5580000,0x00000000f8f00000)
  from space 57856K, 97% used [0x00000000fc780000,0x00000000ffeb5c50,0x0000000100000000)
  to   space 57856K, 0% used [0x00000000f8f00000,0x00000000f8f00000,0x00000000fc780000)
 ParOldGen       total 349696K, used 296827K [0x00000000e0000000, 0x00000000f5580000, 0x00000000f5580000)
  object space 349696K, 84% used [0x00000000e0000000,0x00000000f21dec90,0x00000000f5580000)
 Metaspace       used 129257K, capacity 141266K, committed 141440K, reserved 1171456K
  class space    used 16578K, capacity 19508K, committed 19584K, reserved 1048576K
}
Event: 12318.167 GC heap before
{Heap before GC invocations=183 (full 9):
 PSYoungGen      total 116736K, used 115415K [0x00000000f5580000, 0x0000000100000000, 0x0000000100000000)
  eden space 58880K, 100% used [0x00000000f5580000,0x00000000f8f00000,0x00000000f8f00000)
  from space 57856K, 97% used [0x00000000fc780000,0x00000000ffeb5c50,0x0000000100000000)
  to   space 57856K, 0% used [0x00000000f8f00000,0x00000000f8f00000,0x00000000fc780000)
 ParOldGen       total 349696K, used 296827K [0x00000000e0000000, 0x00000000f5580000, 0x00000000f5580000)
  object space 349696K, 84% used [0x00000000e0000000,0x00000000f21dec90,0x00000000f5580000)
 Metaspace       used 129469K, capacity 141652K, committed 141696K, reserved 1171456K
  class space    used 16621K, capacity 19561K, committed 19584K, reserved 1048576K
Event: 12318.241 GC heap after
Heap after GC invocations=183 (full 9):
 PSYoungGen      total 116736K, used 57825K [0x00000000f5580000, 0x0000000100000000, 0x0000000100000000)
  eden space 58880K, 0% used [0x00000000f5580000,0x00000000f5580000,0x00000000f8f00000)
  from space 57856K, 99% used [0x00000000f8f00000,0x00000000fc778460,0x00000000fc780000)
  to   space 57856K, 0% used [0x00000000fc780000,0x00000000fc780000,0x0000000100000000)
 ParOldGen       total 349696K, used 311101K [0x00000000e0000000, 0x00000000f5580000, 0x00000000f5580000)
  object space 349696K, 88% used [0x00000000e0000000,0x00000000f2fcf5f8,0x00000000f5580000)
 Metaspace       used 129469K, capacity 141652K, committed 141696K, reserved 1171456K
  class space    used 16621K, capacity 19561K, committed 19584K, reserved 1048576K
}
Event: 12318.647 GC heap before
{Heap before GC invocations=184 (full 9):
 PSYoungGen      total 116736K, used 116705K [0x00000000f5580000, 0x0000000100000000, 0x0000000100000000)
  eden space 58880K, 100% used [0x00000000f5580000,0x00000000f8f00000,0x00000000f8f00000)
  from space 57856K, 99% used [0x00000000f8f00000,0x00000000fc778460,0x00000000fc780000)
  to   space 57856K, 0% used [0x00000000fc780000,0x00000000fc780000,0x0000000100000000)
 ParOldGen       total 349696K, used 311101K [0x00000000e0000000, 0x00000000f5580000, 0x00000000f5580000)
  object space 349696K, 88% used [0x00000000e0000000,0x00000000f2fcf5f8,0x00000000f5580000)
 Metaspace       used 129526K, capacity 141684K, committed 141824K, reserved 1171456K
  class space    used 16625K, capacity 19593K, committed 19712K, reserved 1048576K
Event: 12318.689 GC heap after
Heap after GC invocations=184 (full 9):
 PSYoungGen      total 116736K, used 56819K [0x00000000f5580000, 0x0000000100000000, 0x0000000100000000)
  eden space 58880K, 0% used [0x00000000f5580000,0x00000000f5580000,0x00000000f8f00000)
  from space 57856K, 98% used [0x00000000fc780000,0x00000000ffefcf58,0x0000000100000000)
  to   space 57856K, 0% used [0x00000000f8f00000,0x00000000f8f00000,0x00000000fc780000)
 ParOldGen       total 349696K, used 316496K [0x00000000e0000000, 0x00000000f5580000, 0x00000000f5580000)
  object space 349696K, 90% used [0x00000000e0000000,0x00000000f3514238,0x00000000f5580000)
 Metaspace       used 129526K, capacity 141684K, committed 141824K, reserved 1171456K
  class space    used 16625K, capacity 19593K, committed 19712K, reserved 1048576K
}
Event: 12321.445 GC heap before
{Heap before GC invocations=185 (full 9):
 PSYoungGen      total 116736K, used 115699K [0x00000000f5580000, 0x0000000100000000, 0x0000000100000000)
  eden space 58880K, 100% used [0x00000000f5580000,0x00000000f8f00000,0x00000000f8f00000)
  from space 57856K, 98% used [0x00000000fc780000,0x00000000ffefcf58,0x0000000100000000)
  to   space 57856K, 0% used [0x00000000f8f00000,0x00000000f8f00000,0x00000000fc780000)
 ParOldGen       total 349696K, used 316496K [0x00000000e0000000, 0x00000000f5580000, 0x00000000f5580000)
  object space 349696K, 90% used [0x00000000e0000000,0x00000000f3514238,0x00000000f5580000)
 Metaspace       used 131151K, capacity 143368K, committed 143488K, reserved 1173504K
  class space    used 16813K, capacity 19769K, committed 19840K, reserved 1048576K
Event: 12321.501 GC heap after
Heap after GC invocations=185 (full 9):
 PSYoungGen      total 116736K, used 57844K [0x00000000f5580000, 0x0000000100000000, 0x0000000100000000)
  eden space 58880K, 0% used [0x00000000f5580000,0x00000000f5580000,0x00000000f8f00000)
  from space 57856K, 99% used [0x00000000f8f00000,0x00000000fc77d1f8,0x00000000fc780000)
  to   space 57856K, 0% used [0x00000000fc780000,0x00000000fc780000,0x0000000100000000)
 ParOldGen       total 349696K, used 325442K [0x00000000e0000000, 0x00000000f5580000, 0x00000000f5580000)
  object space 349696K, 93% used [0x00000000e0000000,0x00000000f3dd0b40,0x00000000f5580000)
 Metaspace       used 131151K, capacity 143368K, committed 143488K, reserved 1173504K
  class space    used 16813K, capacity 19769K, committed 19840K, reserved 1048576K
}
Event: 12322.314 GC heap before
{Heap before GC invocations=186 (full 9):
 PSYoungGen      total 116736K, used 116724K [0x00000000f5580000, 0x0000000100000000, 0x0000000100000000)
  eden space 58880K, 100% used [0x00000000f5580000,0x00000000f8f00000,0x00000000f8f00000)
  from space 57856K, 99% used [0x00000000f8f00000,0x00000000fc77d1f8,0x00000000fc780000)
  to   space 57856K, 0% used [0x00000000fc780000,0x00000000fc780000,0x0000000100000000)
 ParOldGen       total 349696K, used 325442K [0x00000000e0000000, 0x00000000f5580000, 0x00000000f5580000)
  object space 349696K, 93% used [0x00000000e0000000,0x00000000f3dd0b40,0x00000000f5580000)
 Metaspace       used 131286K, capacity 143468K, committed 143744K, reserved 1173504K
  class space    used 16826K, capacity 19803K, committed 19840K, reserved 1048576K
Event: 12322.401 GC heap after
Heap after GC invocations=186 (full 9):
 PSYoungGen      total 116736K, used 44098K [0x00000000f5580000, 0x0000000100000000, 0x0000000100000000)
  eden space 58880K, 0% used [0x00000000f5580000,0x00000000f5580000,0x00000000f8f00000)
  from space 57856K, 76% used [0x00000000fc780000,0x00000000ff290b48,0x0000000100000000)
  to   space 57856K, 0% used [0x00000000f8f00000,0x00000000f8f00000,0x00000000fc780000)
 ParOldGen       total 349696K, used 345729K [0x00000000e0000000, 0x00000000f5580000, 0x00000000f5580000)
  object space 349696K, 98% used [0x00000000e0000000,0x00000000f51a0700,0x00000000f5580000)
 Metaspace       used 131286K, capacity 143468K, committed 143744K, reserved 1173504K
  class space    used 16826K, capacity 19803K, committed 19840K, reserved 1048576K
}
Event: 12322.402 GC heap before
{Heap before GC invocations=187 (full 10):
 PSYoungGen      total 116736K, used 44098K [0x00000000f5580000, 0x0000000100000000, 0x0000000100000000)
  eden space 58880K, 0% used [0x00000000f5580000,0x00000000f5580000,0x00000000f8f00000)
  from space 57856K, 76% used [0x00000000fc780000,0x00000000ff290b48,0x0000000100000000)
  to   space 57856K, 0% used [0x00000000f8f00000,0x00000000f8f00000,0x00000000fc780000)
 ParOldGen       total 349696K, used 345729K [0x00000000e0000000, 0x00000000f5580000, 0x00000000f5580000)
  object space 349696K, 98% used [0x00000000e0000000,0x00000000f51a0700,0x00000000f5580000)
 Metaspace       used 131286K, capacity 143468K, committed 143744K, reserved 1173504K
  class space    used 16826K, capacity 19803K, committed 19840K, reserved 1048576K

